[117月2026 00:22:01.867] [Server thread/INFO] [net.minecraft.client.server.IntegratedServer/]: Saving and pausing game...
[117月2026 00:22:02.141] [Server thread/INFO] [net.minecraft.server.MinecraftServer/]: Saving chunks for level 'ServerLevel[研发]'/minecraft:overworld
[117月2026 00:22:02.171] [Server thread/INFO] [net.minecraft.server.MinecraftServer/]: Saving chunks for level 'ServerLevel[研发]'/minecraft:the_end
[117月2026 00:22:02.176] [Server thread/INFO] [net.minecraft.server.MinecraftServer/]: Saving chunks for level 'ServerLevel[研发]'/minecraft:the_nether
[117月2026 01:08:15.665] [Server thread/INFO] [net.minecraft.client.server.IntegratedServer/]: Saving and pausing game...
[117月2026 01:08:15.834] [Server thread/INFO] [net.minecraft.server.MinecraftServer/]: Saving chunks for level 'ServerLevel[研发]'/minecraft:overworld
[117月2026 01:08:15.849] [Server thread/INFO] [net.minecraft.server.MinecraftServer/]: Saving chunks for level 'ServerLevel[研发]'/minecraft:the_end
[117月2026 01:08:15.851] [Server thread/INFO] [net.minecraft.server.MinecraftServer/]: Saving chunks for level 'ServerLevel[研发]'/minecraft:the_nether
[117月2026 01:12:21.337] [Server thread/INFO] [net.minecraft.client.server.IntegratedServer/]: Saving and pausing game...
[117月2026 01:12:21.684] [Server thread/INFO] [net.minecraft.server.MinecraftServer/]: Saving chunks for level 'ServerLevel[研发]'/minecraft:overworld
[117月2026 01:12:21.772] [Server thread/INFO] [net.minecraft.server.MinecraftServer/]: Saving chunks for level 'ServerLevel[研发]'/minecraft:the_end
[117月2026 01:12:21.772] [Server thread/INFO] [net.minecraft.server.MinecraftServer/]: Saving chunks for level 'ServerLevel[研发]'/minecraft:the_nether
[117月2026 01:14:22.827] [Server thread/WARN] [net.minecraft.server.MinecraftServer/]: Can't keep up! Is the server overloaded? Running 2698ms or 53 ticks behind
[117月2026 08:11:15.463] [Server thread/WARN] [net.minecraft.server.MinecraftServer/]: Can't keep up! Is the server overloaded? Running 2302ms or 46 ticks behind
[117月2026 08:11:54.068] [Server thread/WARN] [net.minecraft.server.MinecraftServer/]: Can't keep up! Is the server overloaded? Running 2600ms or 52 ticks behind
[117月2026 08:25:07.670] [Server thread/INFO] [net.minecraft.client.server.IntegratedServer/]: Saving and pausing game...
[117月2026 08:25:07.719] [Server thread/INFO] [net.minecraft.server.MinecraftServer/]: Saving chunks for level 'ServerLevel[研发]'/minecraft:overworld
[117月2026 08:25:07.725] [Server thread/INFO] [net.minecraft.server.MinecraftServer/]: Saving chunks for level 'ServerLevel[研发]'/minecraft:the_end
[117月2026 08:25:07.725] [Server thread/INFO] [net.minecraft.server.MinecraftServer/]: Saving chunks for level 'ServerLevel[研发]'/minecraft:the_nether
[117月2026 08:49:08.323] [Server thread/INFO] [net.minecraft.client.server.IntegratedServer/]: Saving and pausing game...
[117月2026 08:49:08.470] [Server thread/INFO] [net.minecraft.server.MinecraftServer/]: Saving chunks for level 'ServerLevel[研发]'/minecraft:overworld
[117月2026 08:49:08.488] [Server thread/INFO] [net.minecraft.server.MinecraftServer/]: Saving chunks for level 'ServerLevel[研发]'/minecraft:the_end
[117月2026 08:49:08.518] [Server thread/INFO] [net.minecraft.server.MinecraftServer/]: Saving chunks for level 'ServerLevel[研发]'/minecraft:the_nether
[117月2026 08:49:09.806] [Server thread/INFO] [net.minecraft.server.network.ServerGamePacketListenerImpl/]: Dev lost connection: 连接中断
[117月2026 08:49:09.811] [Server thread/INFO] [net.minecraft.server.MinecraftServer/]: Dev退出了游戏
[117月2026 08:49:09.938] [Server thread/INFO] [net.minecraft.server.network.ServerCommonPacketListenerImpl/]: Stopping singleplayer server as player logged out
[117月2026 08:49:10.118] [Server thread/INFO] [net.minecraft.server.MinecraftServer/]: Stopping server
[117月2026 08:49:10.130] [Server thread/INFO] [net.minecraft.server.MinecraftServer/]: Saving players
[117月2026 08:49:10.132] [Server thread/INFO] [net.minecraft.server.MinecraftServer/]: Saving worlds
[117月2026 08:49:15.368] [Server thread/INFO] [net.minecraft.server.MinecraftServer/]: Saving chunks for level 'ServerLevel[研发]'/minecraft:overworld
[117月2026 08:49:15.776] [Server thread/INFO] [net.minecraft.server.MinecraftServer/]: Saving chunks for level 'ServerLevel[研发]'/minecraft:the_end
[117月2026 08:49:15.798] [Server thread/INFO] [net.minecraft.server.MinecraftServer/]: Saving chunks for level 'ServerLevel[研发]'/minecraft:the_nether
[117月2026 08:49:15.902] [Server thread/INFO] [net.minecraft.server.MinecraftServer/]: ThreadedAnvilChunkStorage (研发): All chunks are saved
[117月2026 08:49:15.902] [Server thread/INFO] [net.minecraft.server.MinecraftServer/]: ThreadedAnvilChunkStorage (DIM1): All chunks are saved
[117月2026 08:49:15.902] [Server thread/INFO] [net.minecraft.server.MinecraftServer/]: ThreadedAnvilChunkStorage (DIM-1): All chunks are saved
[117月2026 08:49:15.903] [Server thread/INFO] [net.minecraft.server.MinecraftServer/]: ThreadedAnvilChunkStorage: All dimensions are saved
[117月2026 08:49:16.028] [Server thread/INFO] [KubeJS/]: Closed KubeJS Virtual Resource Pack [Before Mods, data]
[117月2026 08:49:16.033] [Server thread/INFO] [KubeJS/]: Closed KubeJS Virtual Resource Pack [Internal, data]
[117月2026 08:49:16.033] [Server thread/INFO] [KubeJS/]: Closed KubeJS Virtual Resource Pack [Registries, data]
[117月2026 08:49:16.033] [Server thread/INFO] [KubeJS/]: Closed KubeJS Virtual Resource Pack [After Mods, data]
[117月2026 08:49:16.034] [Server thread/INFO] [KubeJS/]: Closed KubeJS Virtual Resource Pack [Last, data]
[117月2026 08:49:33.447] [Render thread/INFO] [net.minecraft.client.Minecraft/]: Stopping!
[117月2026 08:49:34.396] [Render thread/INFO] [KubeJS/]: Closed KubeJS Virtual Resource Pack [Before Mods, assets]
[117月2026 08:49:34.397] [Render thread/INFO] [KubeJS/]: Closed KubeJS Virtual Resource Pack [Internal, assets]
[117月2026 08:49:34.397] [Render thread/INFO] [KubeJS/]: Closed KubeJS Virtual Resource Pack [After Mods, assets]
[117月2026 08:49:34.397] [Render thread/INFO] [KubeJS/]: Closed KubeJS Virtual Resource Pack [Last, assets]
