[23:13:02] [INIT] KubeJS 2101.7.2-build.368; MC 2101 NeoForge
[23:13:02] [INIT] Loaded plugins:
[23:13:02] [INIT] - dev.latvian.mods.kubejs.plugin.builtin.BuiltinKubeJSPlugin
[23:13:02] [INIT] - dev.latvian.mods.kubejs.plugin.builtin.BuiltinKubeJSClientPlugin
[23:13:02] [INIT] - dev.latvian.mods.kubejs.create.KubeJSCreatePlugin
[23:13:02] [INFO] Loaded script server_scripts:creactive_recipe.js in 0.026 s
[23:13:02] [INFO] Loaded script server_scripts:create.js in 0.003 s
[23:13:02] [INFO] Loaded script server_scripts:from_plants13.js in 0.006 s
[23:13:02] [INFO] server_scripts:main.js#2: Hello, World! (Loaded server example script)
[23:13:02] [INFO] Loaded script server_scripts:main.js in 0.002 s
[23:13:02] [INFO] Loaded script server_scripts:tag.js in 0.002 s
[23:13:02] [INFO] Loaded 5/5 KubeJS server scripts in 0.178 s with 0 errors and 0 warnings
[23:13:06] [INFO] [minecraft:item] Found 471 tags, added 59 objects, removed 0 objects
[23:13:06] [INFO] [minecraft:block] Found 351 tags, added 63 objects, removed 0 objects
[23:13:07] [INFO] Processing recipes...
[23:13:07] [INFO] Initializing recipe event...
[23:13:08] [INFO] Found 2,936 recipes (skipped 515) in 567.7 ms
[23:13:08] [WARN] server_scripts:creactive_recipe.js#62: Failed to read ae2:energy_acceptor (left: create:sized_fluid_ingredient)!: Failed to read SizedFluidIngredient from ae2:energy_acceptor: Fluid with ID ae2:energy_acceptor does not exist!
[23:13:08] [WARN] server_scripts:creactive_recipe.js#62: Failed to read ae2:energy_acceptor (right: sized_ingredient)!: Failed to read ingredient from ae2:energy_acceptor: Item with ID ae2:energy_acceptor does not exist!
[23:13:08] [ERROR] ! server_scripts:creactive_recipe.js#62: Failed to create a 'create:deploying' recipe from args [kubejs:uncalculationed_core, [kubejs:uncalculationed_core, ae2:energy_acceptor]]: Unable to set 'ingredients: either<create:sized_fluid_ingredient, ingredient>[]' to '[kubejs:uncalculationed_core, ae2:energy_acceptor]' as 'either<create:sized_fluid_ingredient, ingredient>[]'! - Failed to read ae2:energy_acceptor as either create:sized_fluid_ingredient or sized_ingredient!
[23:13:08] [ERROR] ! server_scripts:creactive_recipe.js#62: Failed to create a 'create:sequenced_assembly' recipe from args [[com.simibubi.create.content.processing.recipe.ProcessingOutput@36c1b50d, com.simibubi.create.content.processing.recipe.ProcessingOutput@6a474e00, com.simibubi.create.content.processing.recipe.ProcessingOutput@71f164d6, com.simibubi.create.content.processing.recipe.ProcessingOutput@607c77f4, com.simibubi.create.content.processing.recipe.ProcessingOutput@5b2ecf2b, com.simibubi.create.content.processing.recipe.ProcessingOutput@bc9bd00, com.simibubi.create.content.processing.recipe.ProcessingOutput@71e4af7b, com.simibubi.create.content.processing.recipe.ProcessingOutput@72a4b564, com.simibubi.create.content.processing.recipe.ProcessingOutput@5fde6b8c, com.simibubi.create.content.processing.recipe.ProcessingOutput@1939ecca, com.simibubi.create.content.processing.recipe.ProcessingOutput@4df207e1, com.simibubi.create.content.processing.recipe.ProcessingOutput@1a2a94ae], ae2:mysterious_cube, [create:kjs/uncalculationed_core[create:deploying], create:kjs/uncalculationed_core_2[create:deploying], create:kjs/uncalculationed_core_3[create:deploying], create:kjs/uncalculationed_core_4[create:deploying], create:kjs/c2dphwnx6y49lg2m23o2uqhy9[create:deploying]]]: Unable to set 'ingredient: ingredient' to 'ae2:mysterious_cube' as 'ingredient'! - Failed to read ingredient from ae2:mysterious_cube: Item with ID ae2:mysterious_cube does not exist!
[23:13:08] [WARN] server_scripts:creactive_recipe.js#386: Failed to read 2x ae2:mysterious_cube (left: fluid_stack)!: Failed to read FluidStack from 2x ae2:mysterious_cube: Fluid with ID ae2:mysterious_cube does not exist!
[23:13:08] [WARN] server_scripts:creactive_recipe.js#386: Failed to read 2x ae2:mysterious_cube (right: create:processing_output)!: Failed to read item stack from 2x ae2:mysterious_cube: Item with ID ae2:mysterious_cube does not exist!
[23:13:08] [ERROR] ! server_scripts:creactive_recipe.js#386: Failed to create a 'create:pressing' recipe from args [2x ae2:mysterious_cube, kubejs:tree3]: Unable to set 'results: either<fluid_stack, create:processing_output>[]' to '2x ae2:mysterious_cube' as 'either<fluid_stack, create:processing_output>[]'! - Failed to read 2x ae2:mysterious_cube as either fluid_stack or create:processing_output!
[23:13:08] [WARN] server_scripts:creactive_recipe.js#390: Failed to read ae2:mysterious_cube (left: fluid_stack)!: Failed to read FluidStack from ae2:mysterious_cube: Fluid with ID ae2:mysterious_cube does not exist!
[23:13:08] [WARN] server_scripts:creactive_recipe.js#390: Failed to read ae2:mysterious_cube (right: create:processing_output)!: Failed to read item stack from ae2:mysterious_cube: Item with ID ae2:mysterious_cube does not exist!
[23:13:08] [ERROR] ! server_scripts:creactive_recipe.js#390: Failed to create a 'create:pressing' recipe from args [ae2:mysterious_cube, kubejs:empty_calculation_core]: Unable to set 'results: either<fluid_stack, create:processing_output>[]' to 'ae2:mysterious_cube' as 'either<fluid_stack, create:processing_output>[]'! - Failed to read ae2:mysterious_cube as either fluid_stack or create:processing_output!
[23:13:08] [ERROR] ! server_scripts:creactive_recipe.js#489: Failed to create a 'create:mixing' recipe from args [1000 kubejs:rainbow_solution, [1000 kubejs:chorus_solvent, net.minecraft.world.item.crafting.Ingredient@332d6eaf, net.minecraft.world.item.crafting.Ingredient@332d6eaf, net.minecraft.world.item.crafting.Ingredient@332d6eaf, net.minecraft.world.item.crafting.Ingredient@332d6eaf, net.minecraft.world.item.crafting.Ingredient@332d6eaf, net.minecraft.world.item.crafting.Ingredient@332d6eaf, net.minecraft.world.item.crafting.Ingredient@332d6eaf, net.minecraft.world.item.crafting.Ingredient@332d6eaf, net.minecraft.world.item.crafting.Ingredient@332d6eaf, net.minecraft.world.item.crafting.Ingredient@332d6eaf, net.minecraft.world.item.crafting.Ingredient@332d6eaf, net.minecraft.world.item.crafting.Ingredient@332d6eaf, net.minecraft.world.item.crafting.Ingredient@332d6eaf, net.minecraft.world.item.crafting.Ingredient@332d6eaf, net.minecraft.world.item.crafting.Ingredient@332d6eaf, net.minecraft.world.item.crafting.Ingredient@332d6eaf]]: Unable to set 'ingredients: either<create:sized_fluid_ingredient, ingredient>[]' to '[1000 kubejs:chorus_solvent, net.minecraft.world.item.crafting.Ingredient@332d6eaf, net.minecraft.world.item.crafting.Ingredient@332d6eaf, net.minecraft.world.item.crafting.Ingredient@332d6eaf, net.minecraft.world.item.crafting.Ingredient@332d6eaf, net.minecraft.world.item.crafting.Ingredient@332d6eaf, net.minecraft.world.item.crafting.Ingredient@332d6eaf, net.minecraft.world.item.crafting.Ingredient@332d6eaf, net.minecraft.world.item.crafting.Ingredient@332d6eaf, net.minecraft.world.item.crafting.Ingredient@332d6eaf, net.minecraft.world.item.crafting.Ingredient@332d6eaf, net.minecraft.world.item.crafting.Ingredient@332d6eaf, net.minecraft.world.item.crafting.Ingredient@332d6eaf, net.minecraft.world.item.crafting.Ingredient@332d6eaf, net.minecraft.world.item.crafting.Ingredient@332d6eaf, net.minecraft.world.item.crafting.Ingredient@332d6eaf, net.minecraft.world.item.crafting.Ingredient@332d6eaf]' as 'either<create:sized_fluid_ingredient, ingredient>[]'! - Failed to read net.minecraft.world.item.crafting.Ingredient@332d6eaf as either create:sized_fluid_ingredient or ingredient!
[23:13:08] [ERROR] ! server_scripts:creactive_recipe.js#557: Error in 'ServerEvents.recipes': Failed to read item stack from ae2:creative_energy_cell: Item with ID ae2:creative_energy_cell does not exist!
[23:13:08] [WARN] server_scripts:from_plants13.js#2: Failed to read ingredient from fluidlogistics:infinite_fluid_tank: Item with ID fluidlogistics:infinite_fluid_tank does not exist!
[23:13:08] [ERROR] ! server_scripts:from_plants13.js#3: Error in 'ServerEvents.recipes': Failed to read FluidStack from ratatouille:egg_yolk: Fluid with ID ratatouille:egg_yolk does not exist!
[23:13:08] [INFO] Posted recipe events in 317 ms
[23:13:08] [INFO] KubeJS modifications to recipe manager finished in 31.53 ms
[23:13:08] [INFO] Added 85 recipes, removed 0 recipes, modified 0 recipes, with 5 failed recipes taking 1.178 s in total
[23:13:12] [INFO] Server resource reload complete!
